make all --print-data-base --no-builtin-variables --no-builtin-rules --question
# GNU Make 3.81
# Copyright (C) 2006  Free Software Foundation, Inc.
# This is free software; see the source for copying conditions.
# There is NO warranty; not even for MERCHANTABILITY or FITNESS FOR A
# PARTICULAR PURPOSE.

# This program built for i386-apple-darwin11.3.0

# Make data base, printed on Thu Aug 18 09:01:29 2022

# Variables

# automatic
<D = $(patsubst %/,%,$(dir $<))
# automatic
?F = $(notdir $?)
# environment
ELECTRON_NO_ATTACH_CONSOLE = 1
# environment
ENHANCD_COMPLETION_KEYBIND = ^I
# environment
NVM_INC = /Users/s19240/.nvm/versions/node/v18.7.0/include/node
# automatic
?D = $(patsubst %/,%,$(dir $?))
# environment
DIRENV_WATCHES = eJyckj-LGzEQxb-Lauuk0X-5TxlIkyqk0I5mbcFaMtLauRDy3cNBmmy4Zbli2t_7zeN9-8W-pPXKzkx8HdSHGBCVkWJ0FDPVUXi7D_FC9dmRndjnltdyI3YG56TTUkl1Yp9ey1gHO6_9Qb9P7wBfloZpEeOaOolcOtWnSMvSfgiwIZgZ0E0BgVCrnDHM6HUikyPZPBlnE06GAhplZz1hlBnBk4wxUt5qqRAcmKNamPBKIo08879Wb2ekASetN4GD81FbH6XiJkQNAXTgKoJ3YLT6r5NolZFHw9fWFv6kPkqrY4sywQdvj6LePhD35XEpdYj-mH6KqVRBr4Sc6nPLhmCd-hj7fr3vorWPQfoPoS9tSfWyS5daeXNUfDPi3bYdqAiHx_xvI504ttutrDvqNlrvlINNwvc_AQAA__-aThfn
# automatic
@D = $(patsubst %/,%,$(dir $@))
# automatic
@F = $(notdir $@)
# makefile
CURDIR := /Users/s19240/dotfiles
# makefile
SHELL = /bin/sh
# environment
VSCODE_NLS_CONFIG = {"locale":"ja","availableLanguages":{"*":"ja"},"_languagePackId":"e6c586e25df759b7fd1d7a26b78d86d4.ja","_translationsConfigFile":"/Users/s19240/Library/Application Support/Code/clp/e6c586e25df759b7fd1d7a26b78d86d4.ja/tcf.json","_cacheRoot":"/Users/s19240/Library/Application Support/Code/clp/e6c586e25df759b7fd1d7a26b78d86d4.ja","_resolvedLanguagePackCoreLocation":"/Users/s19240/Library/Application Support/Code/clp/e6c586e25df759b7fd1d7a26b78d86d4.ja/6d9b74a70ca9c7733b29f0456fd8195364076dda","_corruptedFile":"/Users/s19240/Library/Application Support/Code/clp/e6c586e25df759b7fd1d7a26b78d86d4.ja/corrupted.info","_languagePackSupport":true}
# environment
_ = /usr/bin/make
# environment
ZCDR = /Users/s19240/.config/zi
# environment
DIRENV_FILE = /Users/s19240/src/fensi-ops/.envrc
# environment
STARSHIP_SESSION_KEY = 5600125951732025
# environment
ENHANCD_HYPHEN_ARG = -
# environment
ENHANCD_DIR = /Users/s19240/.enhancd
# environment
__CFBundleIdentifier = com.microsoft.VSCode
# environment
INFOPATH = /usr/local/share/info:
# environment
ENHANCD_HOME_ARG = 
# environment
DIRENV_DIFF = eJzsVklz4jwQ_S8-RxJeMJgba0xCwGEJy4WSbdkIy5aRZLN8Nf_9K5iZZJZU4tznQiH5vW5192u1_tNyrfWf5rXnrtbSUCEFYjzADHWxTATnKYo5jxkBAeNFCGSYIIYVkervfZ9mLbSQREgkdcewaghmZYpKIiTlmUQZDwkq9SZswNp7YCzDCMkdTWXrl3PwXKHbF0Z9ciLBe8wLRTkrYppJlOOCUUHlDgAQUwV4Tj6Cyx0WSZgDAHyskI_VR1hFQs5wBgDYHz7A7YuMxEV2xUWX6NdYbkd_W8p313_b5QwLKv9kvy5vf15X3418_x1RX2BxRnOyQoqcPs6cICTOLrfgwEXuwPf999KdCHK87mvf7rTsqp7u5MmbzPrTrTt56l9l9E5haSYVZkyifJejJtShg2DA05xLIrQ7rTec9scv295wqrU08LsBKQIUkUxSwHP5hh0MR387-w2LIMlKEbxRlu151-3PtJZGHs5Bsgej-0v_-eSDES6KpLYC9fmJDZPzIakN66kfDPCTGuFi2jubwbiTpmdr4zNqqG3jQsYOaC5B7q0eL8mp6YYz977TfUmWD7VBz3tZrGijtx10nTCdZuE-Yyo8D831fd2ezxcJ09e5Q8567E7srfPsO17j2IkY3-R9MsETzoKJWmazp3IWxfQ43MSbWr_WiV-6Iuu5T7a7oMnZ23gdlvVr9n17l7PNRd-xTtZJrONpoeqHw7QdpI9jnHqdxyGvNZsNZ-kbJGnPiBpb972mPvBde0UfkudxezWPH_mDuR7NbVEfc7YZuEcnWg5KO_GSg1hb8nx8Dsu9PSLermfWV_08XO9B6tqPh5dpR1izwM680S7thmC3b0TCLLlYes8R9_jMUbNoeZ7VQ0xW40XU86jpr8NDm7qn7akc1muWUoUSvfIwZqJkw_H4WAbb9nO7vd0CPN9FmXan3U9-3lAfSSu-tmeMdKg3UI6DBMdE3sjTyWT-FXLMtTutisdcEBDwNKUKGdCofXCxvVLkVZgmbEDzc-yOsDSijKAa1K06NKoxkAmdKtikkIqn9EKQBevQ_pygiBA44iJFOjS-RAAhD-Q1CrtKirCIOTKhCZ1q2CBEBrRgswL6KANGkQEb0NA_h4dUkKxEBjQNWAEehagJrSoR_i62r-F_KruCGHDIGc2u2tQraXN_QHqVuibOtZiGXUXDyVXvpQ4Nq0oKk8IngWLohq9ivfCJwvRKsKFer0Sgt35qVGmRt2H1Beh7c_zTGYhKkoVcfO5HFP4ZmVCvcvy3_mO3gjWrlOB8QBY0XtPz70n470lY_Ul4p3nruTsZ_xien7TBn9NTu9Omi856NOxoLQ3epB6TVP5wrH379n8AAAD__7taNAw=
# environment
VSCODE_CWD = /Users/s19240/dotfiles
# environment
PATH = /usr/local/Caskroom/google-cloud-sdk/latest/google-cloud-sdk/bin:/Users/s19240/.nvm/versions/node/v18.7.0/bin:/Users/s19240/.asdf/shims:/usr/local/opt/asdf/libexec/bin:/Users/s19240/.zi/plugins/paulirish---git-open:/Users/s19240/.zi/plugins/sharkdp---bat/bat:/Users/s19240/.zi/plugins/stedolan---jq:/Users/s19240/.zi/plugins/junegunn---fzf:/usr/local/bin:/usr/local/sbin:/usr/local/sbin:/Users/s19240/.zi/polaris/bin:/usr/local/bin:/usr/bin:/bin:/usr/sbin:/sbin:/Library/TeX/texbin:/Users/s19240/.zi/plugins/reegnz---jq-zsh-plugin/bin:/Users/s19240/.krew/bin
# environment
RUBYLIB = ./rubygems-plugin
# environment
GOROOT = /Users/s19240/.asdf/installs/golang/1.17/go
# environment
LSCOLORS = exfxcxdxbxGxDxabagacad
# environment
ENHANCD_USE_FUZZY_MATCH = 1
# environment
ENHANCD_DISABLE_HYPHEN = 0
# environment
GOPATH = /Users/s19240/.asdf/installs/golang/1.17/packages
# environment
NVM_BIN = /Users/s19240/.nvm/versions/node/v18.7.0/bin
# environment
ELECTRON_RUN_AS_NODE = 1
# default
.FEATURES := target-specific order-only second-expansion else-if archives jobserver check-symlink
# environment
LS_COLORS = di=36:fi=37:ln=35:so=32:pi=33:ex=31:bd=36;01:cd=33;01:su=31;40;07:sg=36;40;07:tw=32;40;07:ow=33;40;07:
# environment
SSH_AUTH_SOCK = /private/tmp/com.apple.launchd.8sqwgmfax4/Listeners
# environment
_ENHANCD_VERSION = 2.2.4
# automatic
%F = $(notdir $%)
# environment
ENHANCD_FILTER = fzy:fzf-tmux:fzf:peco:percol:gof:pick:icepick:sentaku:selecta
# environment
PWD = /Users/s19240/dotfiles
# environment
HOMEBREW_CELLAR = /usr/local/Cellar
# environment
ORIGINAL_XDG_CURRENT_DESKTOP = undefined
# environment
MANPATH = /Users/s19240/.nvm/versions/node/v18.7.0/share/man:/usr/local/share/man::
# environment
VSCODE_AMD_ENTRYPOINT = vs/workbench/api/node/extensionHostProcess
# environment
HOME = /Users/s19240
# environment
ENHANCD_COMMAND = cd
# makefile (from `Makefile', line 1)
MAKEFILE_LIST :=  Makefile
# default
MAKEFILEPATH = $(shell /usr/bin/xcode-select -print-path 2>/dev/null || echo /Developer)/Makefiles
# environment
VSCODE_CLI = 1
# environment
VSCODE_CODE_CACHE_PATH = /Users/s19240/Library/Application Support/Code/CachedData/6d9b74a70ca9c7733b29f0456fd8195364076dda
# environment
LOGNAME = s19240
# environment
APPLICATION_INSIGHTS_NO_DIAGNOSTIC_CHANNEL = 1
# environment
NVM_CD_FLAGS = -q
# environment
VSCODE_HANDLES_UNCAUGHT_ERRORS = true
# automatic
^D = $(patsubst %/,%,$(dir $^))
# environment
MAKELEVEL := 0
# environment
XPC_FLAGS = 0x0
# environment
COLORTERM = truecolor
# default
MAKE = $(MAKE_COMMAND)
# environment
LC_TERMINAL = iTerm2
# environment
DIRENV_DIR = -/Users/s19240/src/fensi-ops
# environment
SHLVL = 3
# environment
AWS_PROFILE = awsGeneral-1
# default
MAKE_VERSION := 3.81
# environment
USER = s19240
# makefile
.DEFAULT_GOAL := all
# default
MAKECMDGOALS := all
# environment
TERM_SESSION_ID = w0t0p1:DB466790-C6D8-4B0E-9F33-94D7DC3AAC53
# automatic
%D = $(patsubst %/,%,$(dir $%))
# default
MAKE_COMMAND := /Library/Developer/CommandLineTools/usr/bin/make
# environment
ZPFX = /Users/s19240/.zi/polaris
# environment
ZSH_CACHE_DIR = /Users/s19240/.cache/zi
# environment
TERM_PROGRAM = iTerm.app
# default
.VARIABLES := 
# environment
TMPDIR = /var/folders/p_/twgqszr56k3gm9l82lhm6t3wsbbjyz/T/
# automatic
*F = $(notdir $*)
# environment
VSCODE_IPC_HOOK = /Users/s19240/Library/Application Support/Code/1.70.1-main.sock
# environment
MallocNanoZone = 0
# environment
PYTHONPATH = :/Users/s19240/.asdf/installs/pre-commit/2.20.0
# makefile
MAKEFLAGS = Rrqp
# environment
MFLAGS = -Rrqp
# automatic
*D = $(patsubst %/,%,$(dir $*))
# environment
TERM_PROGRAM_VERSION = 3.4.16
# environment
NVM_DIR = /Users/s19240/.nvm
# environment
XPC_SERVICE_NAME = application.com.microsoft.VSCode.1633885.1633891.DFC92B62-E7A5-4F97-AC53-9F0FA22147B6
# environment
LC_TERMINAL_VERSION = 3.4.16
# environment
HOMEBREW_PREFIX = /usr/local
# automatic
+D = $(patsubst %/,%,$(dir $+))
# automatic
+F = $(notdir $+)
# environment
ITERM_SESSION_ID = w0t0p1:DB466790-C6D8-4B0E-9F33-94D7DC3AAC53
# environment
ENHANCD_DOT_ARG = ..
# environment
HOMEBREW_REPOSITORY = /usr/local/Homebrew
# environment
COMPOSER_HOME = /Users/s19240/.asdf/installs/php/8.1.9/.composer
# environment
COLORFGBG = 15;0
# environment
ENHANCD_DISABLE_HOME = 0
# environment
PMSPEC = 0fuUpiPsX
# environment
__CF_USER_TEXT_ENCODING = 0x32B5C7DF:0x1:0xE
# environment
 
COMMAND_MODE = unix2003
# default
MAKEFILES := 
# automatic
<F = $(notdir $<)
# environment
ITERM_PROFILE = Default
# environment
ENHANCD_COMPLETION_BEHAVIOR = default
# environment
LC_ALL = C
# automatic
^F = $(notdir $^)
# environment
ENHANCD_HYPHEN_NUM = 10
# default
SUFFIXES := 
# environment
ASDF_DIR = /usr/local/opt/asdf/libexec
# environment
USE_GKE_GCLOUD_AUTH_PLUGIN = True
# environment
ENHANCD_COMPLETION_DEFAULT = expand-or-complete
# default
.INCLUDE_DIRS = /usr/local/include
# environment
ENHANCD_DISABLE_DOT = 0
# environment
CLICOLOR = true
# environment
LANG = C
# environment
TERM = xterm-256color
# environment
VSCODE_PID = 11429
# environment
ENHANCD_ROOT = /Users/s19240/.zi/plugins/b4b4r07---enhancd
# environment
STARSHIP_SHELL = zsh
# variable set hash-table stats:
# Load=116/1024=11%, Rehash=0, Collisions=14/142=10%

# Pattern-specific Variable Values

# No pattern-specific variable values.

# Directories

# . (device 16777220, inode 1465656): 18 files, no impossibilities.

# 18 files, no impossibilities in 1 directories.

# Implicit Rules

# No implicit rules.

# Files

setup:
#  Implicit rule search has not been done.
#  Implicit/static pattern stem: `'
#  File does not exist.
#  File has been updated.
#  Needs to be updated (-q is set).
# automatic
# @ := setup
# automatic
# % := 
# automatic
# * := 
# automatic
# + := 
# automatic
# | := 
# automatic
# < := 
# automatic
# ^ := 
# automatic
# ? := 
# variable set hash-table stats:
# Load=8/32=25%, Rehash=0, Collisions=1/10=10%
#  commands to execute (from `Makefile', line 4):
	bash -c "$$(curl -L https://raw.githubusercontent.com/GotoRen/dotfiles/main/bin/install.sh)"
	

all: setup
#  Command-line target.
#  Implicit rule search has been done.
#  File does not exist.
#  File has been updated.
#  Needs to be updated (-q is set).
# variable set hash-table stats:
# Load=0/32=0%, Rehash=0, Collisions=0/2=0%

# Not a target:
.SUFFIXES:
#  Implicit rule search has not been done.
#  Modification time never checked.
#  File has not been updated.

# Not a target:
Makefile:
#  Implicit rule search has been done.
#  Last modified 2022-08-07 21:38:26
#  File has been updated.
#  Successfully updated.
# variable set hash-table stats:
# Load=0/32=0%, Rehash=0, Collisions=0/0=0%

help:
#  Implicit rule search has not been done.
#  Modification time never checked.
#  File has not been updated.
#  commands to execute (from `Makefile', line 7):
	@grep -E '^[a-zA-Z/_-]+:.*?## .*$$' $(MAKEFILE_LIST) | awk 'BEGIN {FS = ":.*?## "}; {printf "\033[36m%-20s\033[0m %s\n", $$1, $$2}'
	

# Not a target:
.DEFAULT:
#  Implicit rule search has not been done.
#  Modification time never checked.
#  File has not been updated.

# files hash-table stats:
# Load=6/1024=1%, Rehash=0, Collisions=0/21=0%
# VPATH Search Paths

# No `vpath' search paths.

# No general (`VPATH' variable) search path.

# # of strings in strcache: 1
# # of strcache buffers: 1
# strcache size: total = 4096 / max = 4096 / min = 4096 / avg = 4096
# strcache free: total = 4087 / max = 4087 / min = 4087 / avg = 4087

# Finished Make data base on Thu Aug 18 09:01:29 2022

 
